[19260:19264:0317/215144.185:WARNING:chrome_main_delegate.cc(745)] This is Chrome version 128.0.6613.138 (not a warning)
[19260:11436:0317/215144.243:ERROR:google_update_settings.cc(265)] Failed opening key Software\Chromium to set usagestats; result: 5
[19260:19264:0317/215144.265:WARNING:account_consistency_mode_manager.cc(77)] Desktop Identity Consistency cannot be enabled as no OAuth client ID and client secret have been configured.
[19260:19264:0317/215150.293:ERROR:device_event_log_impl.cc(196)] [21:51:50.243] USB: usb_service_win.cc:105 SetupDiGetDeviceProperty({{A45C254E-DF1C-4EFD-8020-67D146A850E0}, 6}) failed: Element not found. (0x490)
[2576:2340:0317/215150.647:WARNING:frame_impl.cc(430)] virtual CefFrameImpl::SendProcessMessage sent to detached frame 5-26B74E402DA480528BC8D867F5AF7310 will be ignored
[8728:10840:0317/224931.530:WARNING:chrome_main_delegate.cc(745)] This is Chrome version 128.0.6613.138 (not a warning)
[8728:12980:0317/224931.568:ERROR:google_update_settings.cc(265)] Failed opening key Software\Chromium to set usagestats; result: 5
[8728:10840:0317/224931.579:WARNING:account_consistency_mode_manager.cc(77)] Desktop Identity Consistency cannot be enabled as no OAuth client ID and client secret have been configured.
[8728:10840:0317/224937.658:ERROR:device_event_log_impl.cc(196)] [22:49:37.405] USB: usb_service_win.cc:105 SetupDiGetDeviceProperty({{A45C254E-DF1C-4EFD-8020-67D146A850E0}, 6}) failed: Element not found. (0x490)
[3076:20712:0317/224938.187:WARNING:frame_impl.cc(430)] virtual CefFrameImpl::SendProcessMessage sent to detached frame 5-834A2971E7A21A378E3B71B9AE6E4A20 will be ignored
[8728:20768:0317/224938.814:WARNING:browser_info.cc(345)] Returning a speculative frame for [8,9]
[8728:10840:0317/224938.928:WARNING:browser_info.cc(345)] Returning a speculative frame for [9,9]
[8728:10840:0317/224938.928:WARNING:browser_info.cc(345)] Returning a speculative frame for [9,9]
[8728:10840:0317/224938.928:WARNING:browser_info.cc(345)] Returning a speculative frame for [9,9]
[8728:10840:0317/224938.928:WARNING:browser_info.cc(345)] Returning a speculative frame for [9,9]
[8728:20768:0317/224938.932:WARNING:browser_info.cc(345)] Returning a speculative frame for [9,9]
[19260:11376:0317/224942.731:VERBOSE1:media_stream_manager.cc(1533)] MSPL::OnSpeedLimitChange({this=000010EC001C2D40}, {new_limit=66})
[19260:11376:0317/224944.728:VERBOSE1:media_stream_manager.cc(1533)] MSPL::OnSpeedLimitChange({this=000010EC001C2D40}, {new_limit=100})
[8728:10840:0317/224953.573:WARNING:pref_notifier_impl.cc(41)] Pref observer for media_router.cast_allow_all_ips found at shutdown.
[19260:19264:0317/224956.125:VERBOSE1:device_event_log_impl.cc(198)] [22:49:56.124] Display: EVENT: screen_win.cc:893 Displays updated, count: 1
[19260:19264:0317/224956.125:VERBOSE1:device_event_log_impl.cc(198)] [22:49:56.124] Display: EVENT: screen_win.cc:895 Display[2045200733] bounds=[0,0 1920x1080], workarea=[0,0 1920x1032], scale=1, rotation=0, panel_rotation=0 external detected
[18096:1916:0317/224956.397:VERBOSE1:network_delegate.cc(36)] NetworkDelegate::NotifyBeforeURLRequest: https://optimizationguide-pa.googleapis.com/v1:GetModels?key=dummytoken
[18096:1916:0317/224956.411:VERBOSE1:tls_handshaker.cc(105)] TlsClient: Continuing handshake
[18096:1916:0317/224956.412:VERBOSE1:tls_handshaker.cc(126)] TlsClient: SSL_do_handshake returned when entering early data. After retry, rv=-1, SSL_in_early_data=1
[18096:1916:0317/224956.423:VERBOSE1:tls_handshaker.cc(105)] TlsClient: Continuing handshake
[18096:1916:0317/224956.423:VERBOSE1:tls_handshaker.cc(105)] TlsClient: Continuing handshake
[18096:1916:0317/224956.423:VERBOSE1:tls_client_handshaker.cc(528)] Client: handshake finished
